<?xml version="1.0" encoding="UTF-8"?>
<!-- Generated by org.testng.reporters.JUnitReportReporter -->
<testsuite skipped="0" hostname="LAPTOP-I3TQ1GIR" name="com.chiselon.jenkins1.FirstTest" tests="1" failures="0" timestamp="03 Jul 2018 09:30:48 GMT" time="0.017" errors="0">
  <testcase name="m2" time="0.017" classname="com.chiselon.jenkins1.FirstTest"/>
</testsuite> <!-- com.chiselon.jenkins1.FirstTest -->
