<?xml version="1.0" encoding="UTF-8"?>
<!-- Generated by org.testng.reporters.JUnitReportReporter -->
<testsuite skipped="0" hostname="LAPTOP-I3TQ1GIR" name="chiselon.jerkins.Test_1" tests="5" failures="0" timestamp="10 Apr 2018 06:57:12 GMT" time="0.022" errors="0">
  <testcase name="m2" time="0.004" classname="chiselon.jerkins.Test_1"/>
  <testcase name="m4" time="0.000" classname="chiselon.jerkins.Test_1"/>
  <testcase name="m3" time="0.002" classname="chiselon.jerkins.Test_1"/>
  <testcase name="m5" time="0.000" classname="chiselon.jerkins.Test_1"/>
  <testcase name="m1" time="0.016" classname="chiselon.jerkins.Test_1"/>
</testsuite> <!-- chiselon.jerkins.Test_1 -->
